<testsuite tests='3' results='1' failures='0' disabled='2' errors='0' time='1.669' name='behavior.logging_in'>
  <testcase classname='behavior.logging_in' name='user can login with correct password' time='0.146' />
  <testcase classname='behavior.logging_in' name='user can not login with incorrect password' time='0.033'>
    <skipped />
  </testcase>
  <testcase classname='behavior.logging_in' name='nonexistent user can not login to ' time='0.014'>
    <skipped />
  </testcase>
</testsuite>